INFO     2018-02-12 00:32:32,471 7572 extract_features:1158 __init__ ------ Initialize the pipeline
INFO     2018-02-12 00:32:32,474 7572 extract_features:1190 set_sri_execs ------ SRILM execs ::: c:/Users/hnguyen6/Downloads/srilm-1.7.2/bin/x64-Release\ngram-count.exe ::: c:/Users/hnguyen6/Downloads/srilm-1.7.2/bin/x64-Release\ngram.exe
INFO     2018-02-12 00:32:32,474 7572 extract_features:1182 set_parse_lib ------ parseText library ::: c:/Users/hnguyen6/Downloads/parseText_lib ::: c:/Users/hnguyen6/Dropbox/workspace/CODES/parseText/parseText-lines.config
INFO     2018-02-12 00:32:32,476 7572 extract_features:1212 set_ge_folder ------ Grammatical error corpus folder ::: c:/Users/hnguyen6/Downloads/spokenCALL\2018_v6_1ABC\ge
INFO     2018-02-12 00:32:32,480 7572 extract_features:1205 set_lm_folder ------ Language model in/out folder ::: c:/Users/hnguyen6/Downloads/spokenCALL\2018_v6_1ABC\lm
INFO     2018-02-12 00:32:32,480 7572 extract_features:1198 set_parse_folder ------ Parse in/out folder ::: c:/Users/hnguyen6/Downloads/spokenCALL\2018_v6_1ABC\parse
INFO     2018-02-12 00:32:32,480 7572 extract_features:1576 rume ------ Run mode ::: ml
INFO     2018-02-12 00:32:32,480 7572 ml:27 read_column_names ------ Read column names from feature file ::: c:/Users/hnguyen6/Downloads/spokenCALL\2018_v6_1ABC\data\textProcessing_trainingKaldi_features.csv
INFO     2018-02-12 00:32:32,480 7572 extract_features:519 json_loads ------ Load student responses from JSON file ::: c:/Users/hnguyen6/Downloads/spokenCALL\2018_v6_1ABC\data\textProcessing_testKaldi_annotated.csv
INFO     2018-02-12 00:32:32,536 7572 ml:122 train_test ------ Train/test model ::: c:/Users/hnguyen6/Downloads/spokenCALL\2018_v6_1ABC\data\textProcessing_trainingKaldi_features.csv ::: c:/Users/hnguyen6/Downloads/spokenCALL\2018_v6_1ABC\data\textProcessing_testKaldi_annotated_features.csv
INFO     2018-02-12 00:32:33,535 7572 ml:140 train_test ------ data dimension ::: (5222, 43) ::: (995, 43) ::: 169
INFO     2018-02-12 00:32:38,653 7572 extract_features:1125 include_prediction_results ------ Label prediction output
INFO     2018-02-12 00:32:52,493 17356 extract_features:1158 __init__ ------ Initialize the pipeline
INFO     2018-02-12 00:32:52,493 17356 extract_features:1190 set_sri_execs ------ SRILM execs ::: c:/Users/hnguyen6/Downloads/srilm-1.7.2/bin/x64-Release\ngram-count.exe ::: c:/Users/hnguyen6/Downloads/srilm-1.7.2/bin/x64-Release\ngram.exe
INFO     2018-02-12 00:32:52,493 17356 extract_features:1182 set_parse_lib ------ parseText library ::: c:/Users/hnguyen6/Downloads/parseText_lib ::: c:/Users/hnguyen6/Dropbox/workspace/CODES/parseText/parseText-lines.config
INFO     2018-02-12 00:32:52,493 17356 extract_features:1212 set_ge_folder ------ Grammatical error corpus folder ::: c:/Users/hnguyen6/Downloads/spokenCALL\2018_v6_1ABC\ge
INFO     2018-02-12 00:32:52,493 17356 extract_features:1205 set_lm_folder ------ Language model in/out folder ::: c:/Users/hnguyen6/Downloads/spokenCALL\2018_v6_1ABC\lm
INFO     2018-02-12 00:32:52,493 17356 extract_features:1198 set_parse_folder ------ Parse in/out folder ::: c:/Users/hnguyen6/Downloads/spokenCALL\2018_v6_1ABC\parse
INFO     2018-02-12 00:32:52,493 17356 extract_features:1576 rume ------ Run mode ::: ml
INFO     2018-02-12 00:32:52,493 17356 ml:27 read_column_names ------ Read column names from feature file ::: c:/Users/hnguyen6/Downloads/spokenCALL\2018_v6_1ABC\data\scst2_training_data_A_text_features.csv
INFO     2018-02-12 00:32:52,493 17356 extract_features:519 json_loads ------ Load student responses from JSON file ::: c:/Users/hnguyen6/Downloads/spokenCALL\2018_v6_1ABC\data\textProcessing_testKaldi_annotated.csv
INFO     2018-02-12 00:32:52,551 17356 ml:122 train_test ------ Train/test model ::: c:/Users/hnguyen6/Downloads/spokenCALL\2018_v6_1ABC\data\scst2_training_data_A_text_features.csv ::: c:/Users/hnguyen6/Downloads/spokenCALL\2018_v6_1ABC\data\textProcessing_testKaldi_annotated_features.csv
INFO     2018-02-12 00:32:53,460 17356 ml:140 train_test ------ data dimension ::: (5526, 43) ::: (995, 43) ::: 169
INFO     2018-02-12 00:32:57,203 17356 extract_features:1125 include_prediction_results ------ Label prediction output
INFO     2018-02-12 16:56:42,805 15700 extract_features:1180 __init__ ------ Initialize the pipeline
INFO     2018-02-12 16:56:42,806 15700 extract_features:1212 set_sri_execs ------ SRILM execs ::: c:/Users/hnguyen6/Downloads/srilm-1.7.2/bin/x64-Release\ngram-count.exe ::: c:/Users/hnguyen6/Downloads/srilm-1.7.2/bin/x64-Release\ngram.exe
INFO     2018-02-12 16:56:42,806 15700 extract_features:1204 set_parse_lib ------ parseText library ::: c:/Users/hnguyen6/Downloads/parseText_lib ::: c:/Users/hnguyen6/Dropbox/workspace/CODES/parseText/parseText-lines.config
INFO     2018-02-12 16:56:42,808 15700 extract_features:1234 set_ge_folder ------ Grammatical error corpus folder ::: c:/Users/hnguyen6/Downloads/spokenCALL\2018_v6_1ABC\ge
INFO     2018-02-12 16:56:42,808 15700 extract_features:1227 set_lm_folder ------ Language model in/out folder ::: c:/Users/hnguyen6/Downloads/spokenCALL\2018_v6_1ABC\lm
INFO     2018-02-12 16:56:42,808 15700 extract_features:1220 set_parse_folder ------ Parse in/out folder ::: c:/Users/hnguyen6/Downloads/spokenCALL\2018_v6_1ABC\parse
INFO     2018-02-12 16:56:42,808 15700 extract_features:1610 rume ------ Run mode ::: pdf
INFO     2018-02-12 16:56:42,808 15700 extract_features:541 json_loads ------ Load student responses from JSON file ::: c:/Users/hnguyen6/Downloads/spokenCALL\2018_v6_1ABC\data\scst2_training_data_A_text.csv
INFO     2018-02-12 16:56:43,280 15700 extract_features:43 read_grammar_from_json ------ Load JSON dump of reference grammar ::: c:/Users/hnguyen6/Downloads/spokenCALL\2018_v6_1ABC\data\referenceGrammar.xml
INFO     2018-02-12 16:56:45,305 15700 extract_features:205 add_translated_prompt ------ Add translated prompts
INFO     2018-02-12 16:56:45,313 15700 extract_features:1025 extract_topic_model_features ------ Extract topic model features
INFO     2018-02-12 16:56:45,313 15700 extract_features:1103 remove_features_prefix ------ Remove features with prefix ::: lda
INFO     2018-02-12 16:56:45,319 15700 utils:277 load loading Dictionary object from c:/Users/hnguyen6/Downloads/spokenCALL\2018_v6_1ABC\lm\lda\0.dic
INFO     2018-02-12 16:56:45,326 15700 utils:283 load loaded c:/Users/hnguyen6/Downloads/spokenCALL\2018_v6_1ABC\lm\lda\0.dic
INFO     2018-02-12 16:56:45,326 15700 utils:277 load loading LdaModel object from c:/Users/hnguyen6/Downloads/spokenCALL\2018_v6_1ABC\lm\lda\0.lda
INFO     2018-02-12 16:56:45,326 15700 utils:304 _load_specials loading expElogbeta from c:/Users/hnguyen6/Downloads/spokenCALL\2018_v6_1ABC\lm\lda\0.lda.expElogbeta.npy with mmap=None
INFO     2018-02-12 16:56:45,328 15700 utils:335 _load_specials setting ignored attribute id2word to None
INFO     2018-02-12 16:56:45,328 15700 utils:335 _load_specials setting ignored attribute state to None
INFO     2018-02-12 16:56:45,328 15700 utils:335 _load_specials setting ignored attribute dispatcher to None
INFO     2018-02-12 16:56:45,328 15700 utils:283 load loaded c:/Users/hnguyen6/Downloads/spokenCALL\2018_v6_1ABC\lm\lda\0.lda
INFO     2018-02-12 16:56:45,328 15700 utils:277 load loading LdaState object from c:/Users/hnguyen6/Downloads/spokenCALL\2018_v6_1ABC\lm\lda\0.lda.state
INFO     2018-02-12 16:56:45,329 15700 utils:283 load loaded c:/Users/hnguyen6/Downloads/spokenCALL\2018_v6_1ABC\lm\lda\0.lda.state
INFO     2018-02-12 16:57:34,851 14592 extract_features:1180 __init__ ------ Initialize the pipeline
INFO     2018-02-12 16:57:34,854 14592 extract_features:1212 set_sri_execs ------ SRILM execs ::: c:/Users/hnguyen6/Downloads/srilm-1.7.2/bin/x64-Release\ngram-count.exe ::: c:/Users/hnguyen6/Downloads/srilm-1.7.2/bin/x64-Release\ngram.exe
INFO     2018-02-12 16:57:34,854 14592 extract_features:1204 set_parse_lib ------ parseText library ::: c:/Users/hnguyen6/Downloads/parseText_lib ::: c:/Users/hnguyen6/Dropbox/workspace/CODES/parseText/parseText-lines.config
INFO     2018-02-12 16:57:34,855 14592 extract_features:1234 set_ge_folder ------ Grammatical error corpus folder ::: c:/Users/hnguyen6/Downloads/spokenCALL\2018_v6_1ABC\ge
INFO     2018-02-12 16:57:34,855 14592 extract_features:1227 set_lm_folder ------ Language model in/out folder ::: c:/Users/hnguyen6/Downloads/spokenCALL\2018_v6_1ABC\lm
INFO     2018-02-12 16:57:34,855 14592 extract_features:1220 set_parse_folder ------ Parse in/out folder ::: c:/Users/hnguyen6/Downloads/spokenCALL\2018_v6_1ABC\parse
INFO     2018-02-12 16:57:34,855 14592 extract_features:1610 rume ------ Run mode ::: pdf
INFO     2018-02-12 16:57:34,855 14592 extract_features:541 json_loads ------ Load student responses from JSON file ::: c:/Users/hnguyen6/Downloads/spokenCALL\2018_v6_1ABC\data\scst2_training_data_A_text.csv
INFO     2018-02-12 16:57:35,243 14592 extract_features:43 read_grammar_from_json ------ Load JSON dump of reference grammar ::: c:/Users/hnguyen6/Downloads/spokenCALL\2018_v6_1ABC\data\referenceGrammar.xml
INFO     2018-02-12 16:57:37,107 14592 extract_features:205 add_translated_prompt ------ Add translated prompts
INFO     2018-02-12 16:57:37,115 14592 extract_features:215 get_prompt_distribution ------ Get prompt distribution
INFO     2018-02-12 16:59:19,233 6440 extract_features:1180 __init__ ------ Initialize the pipeline
INFO     2018-02-12 16:59:19,236 6440 extract_features:1212 set_sri_execs ------ SRILM execs ::: c:/Users/hnguyen6/Downloads/srilm-1.7.2/bin/x64-Release\ngram-count.exe ::: c:/Users/hnguyen6/Downloads/srilm-1.7.2/bin/x64-Release\ngram.exe
INFO     2018-02-12 16:59:19,236 6440 extract_features:1204 set_parse_lib ------ parseText library ::: c:/Users/hnguyen6/Downloads/parseText_lib ::: c:/Users/hnguyen6/Dropbox/workspace/CODES/parseText/parseText-lines.config
INFO     2018-02-12 16:59:19,236 6440 extract_features:1234 set_ge_folder ------ Grammatical error corpus folder ::: c:/Users/hnguyen6/Downloads/spokenCALL\2018_v6_1ABC\ge
INFO     2018-02-12 16:59:19,236 6440 extract_features:1227 set_lm_folder ------ Language model in/out folder ::: c:/Users/hnguyen6/Downloads/spokenCALL\2018_v6_1ABC\lm
INFO     2018-02-12 16:59:19,236 6440 extract_features:1220 set_parse_folder ------ Parse in/out folder ::: c:/Users/hnguyen6/Downloads/spokenCALL\2018_v6_1ABC\parse
INFO     2018-02-12 16:59:19,236 6440 extract_features:1610 rume ------ Run mode ::: pdf
INFO     2018-02-12 16:59:19,236 6440 extract_features:541 json_loads ------ Load student responses from JSON file ::: c:/Users/hnguyen6/Downloads/spokenCALL\2018_v6_1ABC\data\scst2_training_data_A_text.csv
INFO     2018-02-12 16:59:19,608 6440 extract_features:43 read_grammar_from_json ------ Load JSON dump of reference grammar ::: c:/Users/hnguyen6/Downloads/spokenCALL\2018_v6_1ABC\data\referenceGrammar.xml
INFO     2018-02-12 16:59:21,387 6440 extract_features:205 add_translated_prompt ------ Add translated prompts
INFO     2018-02-12 16:59:21,394 6440 extract_features:215 get_prompt_distribution ------ Get prompt distribution
INFO     2018-02-12 17:02:02,700 1520 extract_features:1180 __init__ ------ Initialize the pipeline
INFO     2018-02-12 17:02:02,703 1520 extract_features:1212 set_sri_execs ------ SRILM execs ::: c:/Users/hnguyen6/Downloads/srilm-1.7.2/bin/x64-Release\ngram-count.exe ::: c:/Users/hnguyen6/Downloads/srilm-1.7.2/bin/x64-Release\ngram.exe
INFO     2018-02-12 17:02:02,703 1520 extract_features:1204 set_parse_lib ------ parseText library ::: c:/Users/hnguyen6/Downloads/parseText_lib ::: c:/Users/hnguyen6/Dropbox/workspace/CODES/parseText/parseText-lines.config
INFO     2018-02-12 17:02:02,703 1520 extract_features:1234 set_ge_folder ------ Grammatical error corpus folder ::: c:/Users/hnguyen6/Downloads/spokenCALL\2018_v6_1ABC\ge
INFO     2018-02-12 17:02:02,703 1520 extract_features:1227 set_lm_folder ------ Language model in/out folder ::: c:/Users/hnguyen6/Downloads/spokenCALL\2018_v6_1ABC\lm
INFO     2018-02-12 17:02:02,703 1520 extract_features:1220 set_parse_folder ------ Parse in/out folder ::: c:/Users/hnguyen6/Downloads/spokenCALL\2018_v6_1ABC\parse
INFO     2018-02-12 17:02:02,703 1520 extract_features:1610 rume ------ Run mode ::: pdf
INFO     2018-02-12 17:02:02,703 1520 extract_features:541 json_loads ------ Load student responses from JSON file ::: c:/Users/hnguyen6/Downloads/spokenCALL\2018_v6_1ABC\data\scst2_training_data_C_text.csv
INFO     2018-02-12 17:02:02,858 1520 extract_features:43 read_grammar_from_json ------ Load JSON dump of reference grammar ::: c:/Users/hnguyen6/Downloads/spokenCALL\2018_v6_1ABC\data\referenceGrammar.xml
INFO     2018-02-12 17:02:04,753 1520 extract_features:205 add_translated_prompt ------ Add translated prompts
INFO     2018-02-12 17:02:04,755 1520 extract_features:215 get_prompt_distribution ------ Get prompt distribution
INFO     2018-02-12 17:02:47,434 5960 extract_features:1180 __init__ ------ Initialize the pipeline
INFO     2018-02-12 17:02:47,437 5960 extract_features:1212 set_sri_execs ------ SRILM execs ::: c:/Users/hnguyen6/Downloads/srilm-1.7.2/bin/x64-Release\ngram-count.exe ::: c:/Users/hnguyen6/Downloads/srilm-1.7.2/bin/x64-Release\ngram.exe
INFO     2018-02-12 17:02:47,437 5960 extract_features:1204 set_parse_lib ------ parseText library ::: c:/Users/hnguyen6/Downloads/parseText_lib ::: c:/Users/hnguyen6/Dropbox/workspace/CODES/parseText/parseText-lines.config
INFO     2018-02-12 17:02:47,437 5960 extract_features:1234 set_ge_folder ------ Grammatical error corpus folder ::: c:/Users/hnguyen6/Downloads/spokenCALL\2018_v6_1ABC\ge
INFO     2018-02-12 17:02:47,437 5960 extract_features:1227 set_lm_folder ------ Language model in/out folder ::: c:/Users/hnguyen6/Downloads/spokenCALL\2018_v6_1ABC\lm
INFO     2018-02-12 17:02:47,437 5960 extract_features:1220 set_parse_folder ------ Parse in/out folder ::: c:/Users/hnguyen6/Downloads/spokenCALL\2018_v6_1ABC\parse
INFO     2018-02-12 17:02:47,437 5960 extract_features:1610 rume ------ Run mode ::: pdf
INFO     2018-02-12 17:02:47,437 5960 extract_features:541 json_loads ------ Load student responses from JSON file ::: c:/Users/hnguyen6/Downloads/spokenCALL\2018_v6_1ABC\data\scst2_training_data_B_text.csv
INFO     2018-02-12 17:02:47,509 5960 extract_features:43 read_grammar_from_json ------ Load JSON dump of reference grammar ::: c:/Users/hnguyen6/Downloads/spokenCALL\2018_v6_1ABC\data\referenceGrammar.xml
INFO     2018-02-12 17:02:49,391 5960 extract_features:205 add_translated_prompt ------ Add translated prompts
INFO     2018-02-12 17:02:49,394 5960 extract_features:215 get_prompt_distribution ------ Get prompt distribution
INFO     2018-02-12 17:21:05,559 1964 extract_features:1180 __init__ ------ Initialize the pipeline
INFO     2018-02-12 17:21:05,562 1964 extract_features:1212 set_sri_execs ------ SRILM execs ::: c:/Users/hnguyen6/Downloads/srilm-1.7.2/bin/x64-Release\ngram-count.exe ::: c:/Users/hnguyen6/Downloads/srilm-1.7.2/bin/x64-Release\ngram.exe
INFO     2018-02-12 17:21:05,562 1964 extract_features:1204 set_parse_lib ------ parseText library ::: c:/Users/hnguyen6/Downloads/parseText_lib ::: c:/Users/hnguyen6/Dropbox/workspace/CODES/parseText/parseText-lines.config
INFO     2018-02-12 17:21:05,562 1964 extract_features:1234 set_ge_folder ------ Grammatical error corpus folder ::: c:/Users/hnguyen6/Downloads/spokenCALL\2018_v6_1ABC\ge
INFO     2018-02-12 17:21:05,562 1964 extract_features:1227 set_lm_folder ------ Language model in/out folder ::: c:/Users/hnguyen6/Downloads/spokenCALL\2018_v6_1ABC\lm
INFO     2018-02-12 17:21:05,562 1964 extract_features:1220 set_parse_folder ------ Parse in/out folder ::: c:/Users/hnguyen6/Downloads/spokenCALL\2018_v6_1ABC\parse
INFO     2018-02-12 17:21:05,562 1964 extract_features:1610 rume ------ Run mode ::: pdf
INFO     2018-02-12 17:21:05,562 1964 extract_features:541 json_loads ------ Load student responses from JSON file ::: c:/Users/hnguyen6/Downloads/spokenCALL\2018_v6_1ABC\data\textProcessing_trainingKaldi.csv
INFO     2018-02-12 17:21:05,993 1964 extract_features:43 read_grammar_from_json ------ Load JSON dump of reference grammar ::: c:/Users/hnguyen6/Downloads/spokenCALL\2018_v6_1ABC\data\referenceGrammar.xml
INFO     2018-02-12 17:21:07,763 1964 extract_features:205 add_translated_prompt ------ Add translated prompts
INFO     2018-02-12 17:21:07,769 1964 extract_features:215 get_prompt_distribution ------ Get prompt distribution
INFO     2018-02-12 17:31:52,121 10004 extract_features:1180 __init__ ------ Initialize the pipeline
INFO     2018-02-12 17:31:52,124 10004 extract_features:1212 set_sri_execs ------ SRILM execs ::: c:/Users/hnguyen6/Downloads/srilm-1.7.2/bin/x64-Release\ngram-count.exe ::: c:/Users/hnguyen6/Downloads/srilm-1.7.2/bin/x64-Release\ngram.exe
INFO     2018-02-12 17:31:52,125 10004 extract_features:1204 set_parse_lib ------ parseText library ::: c:/Users/hnguyen6/Downloads/parseText_lib ::: c:/Users/hnguyen6/Dropbox/workspace/CODES/parseText/parseText-lines.config
INFO     2018-02-12 17:31:52,125 10004 extract_features:1234 set_ge_folder ------ Grammatical error corpus folder ::: c:/Users/hnguyen6/Downloads/spokenCALL\2018_v6_1ABC\ge
INFO     2018-02-12 17:31:52,125 10004 extract_features:1227 set_lm_folder ------ Language model in/out folder ::: c:/Users/hnguyen6/Downloads/spokenCALL\2018_v6_1ABC\lm
INFO     2018-02-12 17:31:52,125 10004 extract_features:1220 set_parse_folder ------ Parse in/out folder ::: c:/Users/hnguyen6/Downloads/spokenCALL\2018_v6_1ABC\parse
INFO     2018-02-12 17:31:52,125 10004 extract_features:1610 rume ------ Run mode ::: pdf
INFO     2018-02-12 17:31:52,125 10004 extract_features:541 json_loads ------ Load student responses from JSON file ::: c:/Users/hnguyen6/Downloads/spokenCALL\2018_v6_1ABC\data\textProcessing_testKaldi_annotated.csv
INFO     2018-02-12 17:31:52,209 10004 extract_features:43 read_grammar_from_json ------ Load JSON dump of reference grammar ::: c:/Users/hnguyen6/Downloads/spokenCALL\2018_v6_1ABC\data\referenceGrammar.xml
INFO     2018-02-12 17:31:54,408 10004 extract_features:205 add_translated_prompt ------ Add translated prompts
INFO     2018-02-12 17:31:54,411 10004 extract_features:215 get_prompt_distribution ------ Get prompt distribution
INFO     2018-02-12 19:27:36,937 304 extract_features:1193 __init__ ------ Initialize the pipeline
INFO     2018-02-12 19:27:36,937 304 extract_features:1225 set_sri_execs ------ SRILM execs ::: c:/Users/hnguyen6/Downloads/srilm-1.7.2/bin/x64-Release\ngram-count.exe ::: c:/Users/hnguyen6/Downloads/srilm-1.7.2/bin/x64-Release\ngram.exe
INFO     2018-02-12 19:27:36,937 304 extract_features:1217 set_parse_lib ------ parseText library ::: c:/Users/hnguyen6/Downloads/parseText_lib ::: c:/Users/hnguyen6/Dropbox/workspace/CODES/parseText/parseText-lines.config
INFO     2018-02-12 19:27:36,937 304 extract_features:1247 set_ge_folder ------ Grammatical error corpus folder ::: c:/Users/hnguyen6/Downloads/spokenCALL\2018_v6_1ABC\ge
INFO     2018-02-12 19:27:36,937 304 extract_features:1240 set_lm_folder ------ Language model in/out folder ::: c:/Users/hnguyen6/Downloads/spokenCALL\2018_v6_1ABC\lm
INFO     2018-02-12 19:27:36,937 304 extract_features:1233 set_parse_folder ------ Parse in/out folder ::: c:/Users/hnguyen6/Downloads/spokenCALL\2018_v6_1ABC\parse
INFO     2018-02-12 19:27:36,937 304 extract_features:1623 rume ------ Run mode ::: parse
INFO     2018-02-12 19:27:36,937 304 extract_features:62 read_data ------ Read data ::: c:/Users/hnguyen6/Downloads/spokenCALL\2018_v6_1ABC\data\textProcessing_trainingKaldi.csv
INFO     2018-02-12 19:27:38,282 304 extract_features:364 write_responses_to_parse ------ Write responses to parse ::: c:/Users/hnguyen6/Downloads/spokenCALL\2018_v6_1ABC\data\textProcessing_trainingKaldi.csv
INFO     2018-02-12 19:27:38,282 304 extract_features:372 write_responses_to_parse ------ Parse text folder ::: c:/Users/hnguyen6/Downloads/spokenCALL\2018_v6_1ABC\parse\textProcessing_trainingKaldi
INFO     2018-02-12 19:27:38,298 304 extract_features:532 json_dumps ------ Save student responses to JSON file ::: c:/Users/hnguyen6/Downloads/spokenCALL\2018_v6_1ABC\data\textProcessing_trainingKaldi.csv
INFO     2018-02-12 19:28:07,051 17144 extract_features:1193 __init__ ------ Initialize the pipeline
INFO     2018-02-12 19:28:07,051 17144 extract_features:1225 set_sri_execs ------ SRILM execs ::: c:/Users/hnguyen6/Downloads/srilm-1.7.2/bin/x64-Release\ngram-count.exe ::: c:/Users/hnguyen6/Downloads/srilm-1.7.2/bin/x64-Release\ngram.exe
INFO     2018-02-12 19:28:07,051 17144 extract_features:1217 set_parse_lib ------ parseText library ::: c:/Users/hnguyen6/Downloads/parseText_lib ::: c:/Users/hnguyen6/Dropbox/workspace/CODES/parseText/parseText-lines.config
INFO     2018-02-12 19:28:07,051 17144 extract_features:1247 set_ge_folder ------ Grammatical error corpus folder ::: c:/Users/hnguyen6/Downloads/spokenCALL\2018_v6_1ABC\ge
INFO     2018-02-12 19:28:07,051 17144 extract_features:1240 set_lm_folder ------ Language model in/out folder ::: c:/Users/hnguyen6/Downloads/spokenCALL\2018_v6_1ABC\lm
INFO     2018-02-12 19:28:07,051 17144 extract_features:1233 set_parse_folder ------ Parse in/out folder ::: c:/Users/hnguyen6/Downloads/spokenCALL\2018_v6_1ABC\parse
INFO     2018-02-12 19:28:07,051 17144 extract_features:1623 rume ------ Run mode ::: parse
INFO     2018-02-12 19:28:07,051 17144 extract_features:62 read_data ------ Read data ::: c:/Users/hnguyen6/Downloads/spokenCALL\2018_v6_1ABC\data\scst2_training_data_A_text.csv
ERROR    2018-02-12 19:28:07,051 17144 extract_features:202 read_data ****** Failed reading training data
Traceback (most recent call last):
  File "C:/Users/hnguyen6/Dropbox/workspace/CODES/LM/src/spokenCALL/extract_features.py", line 155, in read_data
    wer = generic_helper.calculate_wer(response_trans_cleaned, response_asr)
  File "C:\Users\hnguyen6\Dropbox\workspace\CODES\LM\src\utils\generic_helper.py", line 531, in calculate_wer
    wer_result = round((numSub + numDel + numIns) / float(len(r)), 3)
ZeroDivisionError: float division by zero
INFO     2018-02-12 19:28:07,051 17144 extract_features:364 write_responses_to_parse ------ Write responses to parse ::: c:/Users/hnguyen6/Downloads/spokenCALL\2018_v6_1ABC\data\scst2_training_data_A_text.csv
INFO     2018-02-12 19:28:07,051 17144 extract_features:372 write_responses_to_parse ------ Parse text folder ::: c:/Users/hnguyen6/Downloads/spokenCALL\2018_v6_1ABC\parse\scst2_training_data_A_text
INFO     2018-02-12 19:28:07,051 17144 extract_features:532 json_dumps ------ Save student responses to JSON file ::: c:/Users/hnguyen6/Downloads/spokenCALL\2018_v6_1ABC\data\scst2_training_data_A_text.csv
INFO     2018-02-12 19:48:12,091 6868 extract_features:1193 __init__ ------ Initialize the pipeline
INFO     2018-02-12 19:48:12,091 6868 extract_features:1225 set_sri_execs ------ SRILM execs ::: c:/Users/hnguyen6/Downloads/srilm-1.7.2/bin/x64-Release\ngram-count.exe ::: c:/Users/hnguyen6/Downloads/srilm-1.7.2/bin/x64-Release\ngram.exe
INFO     2018-02-12 19:48:12,091 6868 extract_features:1217 set_parse_lib ------ parseText library ::: c:/Users/hnguyen6/Downloads/parseText_lib ::: c:/Users/hnguyen6/Dropbox/workspace/CODES/parseText/parseText-lines.config
INFO     2018-02-12 19:48:12,091 6868 extract_features:1247 set_ge_folder ------ Grammatical error corpus folder ::: c:/Users/hnguyen6/Downloads/spokenCALL\2018_v6_1ABC\ge
INFO     2018-02-12 19:48:12,091 6868 extract_features:1240 set_lm_folder ------ Language model in/out folder ::: c:/Users/hnguyen6/Downloads/spokenCALL\2018_v6_1ABC\lm
INFO     2018-02-12 19:48:12,091 6868 extract_features:1233 set_parse_folder ------ Parse in/out folder ::: c:/Users/hnguyen6/Downloads/spokenCALL\2018_v6_1ABC\parse
INFO     2018-02-12 19:48:12,091 6868 extract_features:1623 rume ------ Run mode ::: parse
INFO     2018-02-12 19:48:12,091 6868 extract_features:62 read_data ------ Read data ::: c:/Users/hnguyen6/Downloads/spokenCALL\2018_v6_1ABC\data\scst2_training_data_A_text.csv
ERROR    2018-02-12 19:48:12,091 6868 extract_features:202 read_data ****** Failed reading training data
Traceback (most recent call last):
  File "C:/Users/hnguyen6/Dropbox/workspace/CODES/LM/src/spokenCALL/extract_features.py", line 155, in read_data
    wer = generic_helper.calculate_wer(response_trans_cleaned, response_asr)
  File "C:\Users\hnguyen6\Dropbox\workspace\CODES\LM\src\utils\generic_helper.py", line 534, in calculate_wer
    wer_result = round((numSub + numDel + numIns) / float(len(r)), 3)
ZeroDivisionError: float division by zero
INFO     2018-02-12 19:48:12,091 6868 extract_features:364 write_responses_to_parse ------ Write responses to parse ::: c:/Users/hnguyen6/Downloads/spokenCALL\2018_v6_1ABC\data\scst2_training_data_A_text.csv
INFO     2018-02-12 19:48:12,091 6868 extract_features:372 write_responses_to_parse ------ Parse text folder ::: c:/Users/hnguyen6/Downloads/spokenCALL\2018_v6_1ABC\parse\scst2_training_data_A_text
INFO     2018-02-12 19:48:12,091 6868 extract_features:532 json_dumps ------ Save student responses to JSON file ::: c:/Users/hnguyen6/Downloads/spokenCALL\2018_v6_1ABC\data\scst2_training_data_A_text.csv
INFO     2018-02-12 19:49:06,285 2888 extract_features:1193 __init__ ------ Initialize the pipeline
INFO     2018-02-12 19:49:06,285 2888 extract_features:1225 set_sri_execs ------ SRILM execs ::: c:/Users/hnguyen6/Downloads/srilm-1.7.2/bin/x64-Release\ngram-count.exe ::: c:/Users/hnguyen6/Downloads/srilm-1.7.2/bin/x64-Release\ngram.exe
INFO     2018-02-12 19:49:06,285 2888 extract_features:1217 set_parse_lib ------ parseText library ::: c:/Users/hnguyen6/Downloads/parseText_lib ::: c:/Users/hnguyen6/Dropbox/workspace/CODES/parseText/parseText-lines.config
INFO     2018-02-12 19:49:06,285 2888 extract_features:1247 set_ge_folder ------ Grammatical error corpus folder ::: c:/Users/hnguyen6/Downloads/spokenCALL\2018_v6_1ABC\ge
INFO     2018-02-12 19:49:06,285 2888 extract_features:1240 set_lm_folder ------ Language model in/out folder ::: c:/Users/hnguyen6/Downloads/spokenCALL\2018_v6_1ABC\lm
INFO     2018-02-12 19:49:06,285 2888 extract_features:1233 set_parse_folder ------ Parse in/out folder ::: c:/Users/hnguyen6/Downloads/spokenCALL\2018_v6_1ABC\parse
INFO     2018-02-12 19:49:06,285 2888 extract_features:1623 rume ------ Run mode ::: parse
INFO     2018-02-12 19:49:06,285 2888 extract_features:62 read_data ------ Read data ::: c:/Users/hnguyen6/Downloads/spokenCALL\2018_v6_1ABC\data\scst2_training_data_A_text.csv
INFO     2018-02-12 19:49:07,628 2888 extract_features:364 write_responses_to_parse ------ Write responses to parse ::: c:/Users/hnguyen6/Downloads/spokenCALL\2018_v6_1ABC\data\scst2_training_data_A_text.csv
INFO     2018-02-12 19:49:07,628 2888 extract_features:372 write_responses_to_parse ------ Parse text folder ::: c:/Users/hnguyen6/Downloads/spokenCALL\2018_v6_1ABC\parse\scst2_training_data_A_text
INFO     2018-02-12 19:49:07,660 2888 extract_features:532 json_dumps ------ Save student responses to JSON file ::: c:/Users/hnguyen6/Downloads/spokenCALL\2018_v6_1ABC\data\scst2_training_data_A_text.csv
INFO     2018-02-12 19:49:19,394 15064 extract_features:1193 __init__ ------ Initialize the pipeline
INFO     2018-02-12 19:49:19,394 15064 extract_features:1225 set_sri_execs ------ SRILM execs ::: c:/Users/hnguyen6/Downloads/srilm-1.7.2/bin/x64-Release\ngram-count.exe ::: c:/Users/hnguyen6/Downloads/srilm-1.7.2/bin/x64-Release\ngram.exe
INFO     2018-02-12 19:49:19,394 15064 extract_features:1217 set_parse_lib ------ parseText library ::: c:/Users/hnguyen6/Downloads/parseText_lib ::: c:/Users/hnguyen6/Dropbox/workspace/CODES/parseText/parseText-lines.config
INFO     2018-02-12 19:49:19,394 15064 extract_features:1247 set_ge_folder ------ Grammatical error corpus folder ::: c:/Users/hnguyen6/Downloads/spokenCALL\2018_v6_1ABC\ge
INFO     2018-02-12 19:49:19,394 15064 extract_features:1240 set_lm_folder ------ Language model in/out folder ::: c:/Users/hnguyen6/Downloads/spokenCALL\2018_v6_1ABC\lm
INFO     2018-02-12 19:49:19,394 15064 extract_features:1233 set_parse_folder ------ Parse in/out folder ::: c:/Users/hnguyen6/Downloads/spokenCALL\2018_v6_1ABC\parse
INFO     2018-02-12 19:49:19,394 15064 extract_features:1623 rume ------ Run mode ::: parse
INFO     2018-02-12 19:49:19,394 15064 extract_features:62 read_data ------ Read data ::: c:/Users/hnguyen6/Downloads/spokenCALL\2018_v6_1ABC\data\scst2_training_data_B_text.csv
INFO     2018-02-12 19:49:19,644 15064 extract_features:364 write_responses_to_parse ------ Write responses to parse ::: c:/Users/hnguyen6/Downloads/spokenCALL\2018_v6_1ABC\data\scst2_training_data_B_text.csv
INFO     2018-02-12 19:49:19,644 15064 extract_features:372 write_responses_to_parse ------ Parse text folder ::: c:/Users/hnguyen6/Downloads/spokenCALL\2018_v6_1ABC\parse\scst2_training_data_B_text
INFO     2018-02-12 19:49:19,644 15064 extract_features:532 json_dumps ------ Save student responses to JSON file ::: c:/Users/hnguyen6/Downloads/spokenCALL\2018_v6_1ABC\data\scst2_training_data_B_text.csv
INFO     2018-02-12 19:49:29,052 7508 extract_features:1193 __init__ ------ Initialize the pipeline
INFO     2018-02-12 19:49:29,052 7508 extract_features:1225 set_sri_execs ------ SRILM execs ::: c:/Users/hnguyen6/Downloads/srilm-1.7.2/bin/x64-Release\ngram-count.exe ::: c:/Users/hnguyen6/Downloads/srilm-1.7.2/bin/x64-Release\ngram.exe
INFO     2018-02-12 19:49:29,052 7508 extract_features:1217 set_parse_lib ------ parseText library ::: c:/Users/hnguyen6/Downloads/parseText_lib ::: c:/Users/hnguyen6/Dropbox/workspace/CODES/parseText/parseText-lines.config
INFO     2018-02-12 19:49:29,052 7508 extract_features:1247 set_ge_folder ------ Grammatical error corpus folder ::: c:/Users/hnguyen6/Downloads/spokenCALL\2018_v6_1ABC\ge
INFO     2018-02-12 19:49:29,052 7508 extract_features:1240 set_lm_folder ------ Language model in/out folder ::: c:/Users/hnguyen6/Downloads/spokenCALL\2018_v6_1ABC\lm
INFO     2018-02-12 19:49:29,052 7508 extract_features:1233 set_parse_folder ------ Parse in/out folder ::: c:/Users/hnguyen6/Downloads/spokenCALL\2018_v6_1ABC\parse
INFO     2018-02-12 19:49:29,052 7508 extract_features:1623 rume ------ Run mode ::: parse
INFO     2018-02-12 19:49:29,052 7508 extract_features:62 read_data ------ Read data ::: c:/Users/hnguyen6/Downloads/spokenCALL\2018_v6_1ABC\data\scst2_training_data_C_text.csv
INFO     2018-02-12 19:49:29,145 7508 extract_features:364 write_responses_to_parse ------ Write responses to parse ::: c:/Users/hnguyen6/Downloads/spokenCALL\2018_v6_1ABC\data\scst2_training_data_C_text.csv
INFO     2018-02-12 19:49:29,145 7508 extract_features:372 write_responses_to_parse ------ Parse text folder ::: c:/Users/hnguyen6/Downloads/spokenCALL\2018_v6_1ABC\parse\scst2_training_data_C_text
INFO     2018-02-12 19:49:29,145 7508 extract_features:532 json_dumps ------ Save student responses to JSON file ::: c:/Users/hnguyen6/Downloads/spokenCALL\2018_v6_1ABC\data\scst2_training_data_C_text.csv
INFO     2018-02-12 19:54:13,631 1372 extract_features:1193 __init__ ------ Initialize the pipeline
INFO     2018-02-12 19:54:13,631 1372 extract_features:1225 set_sri_execs ------ SRILM execs ::: c:/Users/hnguyen6/Downloads/srilm-1.7.2/bin/x64-Release\ngram-count.exe ::: c:/Users/hnguyen6/Downloads/srilm-1.7.2/bin/x64-Release\ngram.exe
INFO     2018-02-12 19:54:13,631 1372 extract_features:1217 set_parse_lib ------ parseText library ::: c:/Users/hnguyen6/Downloads/parseText_lib ::: c:/Users/hnguyen6/Dropbox/workspace/CODES/parseText/parseText-lines.config
INFO     2018-02-12 19:54:13,631 1372 extract_features:1247 set_ge_folder ------ Grammatical error corpus folder ::: c:/Users/hnguyen6/Downloads/spokenCALL\2018_v6_1ABC\ge
INFO     2018-02-12 19:54:13,631 1372 extract_features:1240 set_lm_folder ------ Language model in/out folder ::: c:/Users/hnguyen6/Downloads/spokenCALL\2018_v6_1ABC\lm
INFO     2018-02-12 19:54:13,631 1372 extract_features:1233 set_parse_folder ------ Parse in/out folder ::: c:/Users/hnguyen6/Downloads/spokenCALL\2018_v6_1ABC\parse
INFO     2018-02-12 19:54:13,631 1372 extract_features:1623 rume ------ Run mode ::: parse
INFO     2018-02-12 19:54:13,631 1372 extract_features:62 read_data ------ Read data ::: c:/Users/hnguyen6/Downloads/spokenCALL\2018_v6_1ABC\data\scst2_training_data_A_text.csv
INFO     2018-02-12 19:54:14,944 1372 extract_features:364 write_responses_to_parse ------ Write responses to parse ::: c:/Users/hnguyen6/Downloads/spokenCALL\2018_v6_1ABC\data\scst2_training_data_A_text.csv
INFO     2018-02-12 19:54:14,944 1372 extract_features:372 write_responses_to_parse ------ Parse text folder ::: c:/Users/hnguyen6/Downloads/spokenCALL\2018_v6_1ABC\parse\scst2_training_data_A_text
INFO     2018-02-12 19:54:14,960 1372 extract_features:532 json_dumps ------ Save student responses to JSON file ::: c:/Users/hnguyen6/Downloads/spokenCALL\2018_v6_1ABC\data\scst2_training_data_A_text.csv
INFO     2018-02-12 21:00:11,930 12088 extract_features:1208 __init__ ------ Initialize the pipeline
INFO     2018-02-12 21:00:11,938 12088 extract_features:1240 set_sri_execs ------ SRILM execs ::: c:/Users/hnguyen6/Downloads/srilm-1.7.2/bin/x64-Release\ngram-count.exe ::: c:/Users/hnguyen6/Downloads/srilm-1.7.2/bin/x64-Release\ngram.exe
INFO     2018-02-12 21:00:11,938 12088 extract_features:1232 set_parse_lib ------ parseText library ::: c:/Users/hnguyen6/Downloads/parseText_lib ::: c:/Users/hnguyen6/Dropbox/workspace/CODES/parseText/parseText-lines.config
INFO     2018-02-12 21:00:11,938 12088 extract_features:1262 set_ge_folder ------ Grammatical error corpus folder ::: c:/Users/hnguyen6/Downloads/spokenCALL\2018_v6_1ABC\ge
INFO     2018-02-12 21:00:11,938 12088 extract_features:1255 set_lm_folder ------ Language model in/out folder ::: c:/Users/hnguyen6/Downloads/spokenCALL\2018_v6_1ABC\lm
INFO     2018-02-12 21:00:11,938 12088 extract_features:1248 set_parse_folder ------ Parse in/out folder ::: c:/Users/hnguyen6/Downloads/spokenCALL\2018_v6_1ABC\parse
INFO     2018-02-12 21:00:11,938 12088 extract_features:1639 rume ------ Run mode ::: pdf
INFO     2018-02-12 21:00:11,940 12088 extract_features:569 json_loads ------ Load student responses from JSON file ::: c:/Users/hnguyen6/Downloads/spokenCALL\2018_v6_1ABC\data\scst2_training_data_A_text.csv
INFO     2018-02-12 21:00:11,964 12088 extract_features:43 read_grammar_from_json ------ Load JSON dump of reference grammar ::: c:/Users/hnguyen6/Downloads/spokenCALL\2018_v6_1ABC\data\referenceGrammar.xml
INFO     2018-02-12 21:00:14,095 12088 extract_features:205 add_translated_prompt ------ Add translated prompts
INFO     2018-02-12 21:00:14,118 12088 extract_features:215 get_prompt_distribution ------ Get prompt distribution
INFO     2018-02-12 21:00:14,122 12088 extract_features:320 calculate_wer ------ Calculate WER
INFO     2018-02-12 21:01:49,088 17352 extract_features:1208 __init__ ------ Initialize the pipeline
INFO     2018-02-12 21:01:49,094 17352 extract_features:1240 set_sri_execs ------ SRILM execs ::: c:/Users/hnguyen6/Downloads/srilm-1.7.2/bin/x64-Release\ngram-count.exe ::: c:/Users/hnguyen6/Downloads/srilm-1.7.2/bin/x64-Release\ngram.exe
INFO     2018-02-12 21:01:49,094 17352 extract_features:1232 set_parse_lib ------ parseText library ::: c:/Users/hnguyen6/Downloads/parseText_lib ::: c:/Users/hnguyen6/Dropbox/workspace/CODES/parseText/parseText-lines.config
INFO     2018-02-12 21:01:49,094 17352 extract_features:1262 set_ge_folder ------ Grammatical error corpus folder ::: c:/Users/hnguyen6/Downloads/spokenCALL\2018_v7_ASR2\ge
INFO     2018-02-12 21:01:49,094 17352 extract_features:1255 set_lm_folder ------ Language model in/out folder ::: c:/Users/hnguyen6/Downloads/spokenCALL\2018_v7_ASR2\lm
INFO     2018-02-12 21:01:49,094 17352 extract_features:1248 set_parse_folder ------ Parse in/out folder ::: c:/Users/hnguyen6/Downloads/spokenCALL\2018_v7_ASR2\parse
INFO     2018-02-12 21:01:49,094 17352 extract_features:1639 rume ------ Run mode ::: pdf
INFO     2018-02-12 21:01:49,094 17352 extract_features:569 json_loads ------ Load student responses from JSON file ::: c:/Users/hnguyen6/Downloads/spokenCALL\2018_v7_ASR2\data\scst2_training_data_A_text.csv
INFO     2018-02-12 21:01:49,632 17352 extract_features:43 read_grammar_from_json ------ Load JSON dump of reference grammar ::: c:/Users/hnguyen6/Downloads/spokenCALL\2018_v7_ASR2\data\referenceGrammar.xml
INFO     2018-02-12 21:01:52,665 17352 extract_features:205 add_translated_prompt ------ Add translated prompts
INFO     2018-02-12 21:01:52,674 17352 extract_features:215 get_prompt_distribution ------ Get prompt distribution
INFO     2018-02-12 21:01:52,694 17352 extract_features:320 calculate_wer ------ Calculate WER
INFO     2018-02-12 21:02:50,213 9104 extract_features:1208 __init__ ------ Initialize the pipeline
INFO     2018-02-12 21:02:50,224 9104 extract_features:1240 set_sri_execs ------ SRILM execs ::: c:/Users/hnguyen6/Downloads/srilm-1.7.2/bin/x64-Release\ngram-count.exe ::: c:/Users/hnguyen6/Downloads/srilm-1.7.2/bin/x64-Release\ngram.exe
INFO     2018-02-12 21:02:50,224 9104 extract_features:1232 set_parse_lib ------ parseText library ::: c:/Users/hnguyen6/Downloads/parseText_lib ::: c:/Users/hnguyen6/Dropbox/workspace/CODES/parseText/parseText-lines.config
INFO     2018-02-12 21:02:50,224 9104 extract_features:1262 set_ge_folder ------ Grammatical error corpus folder ::: c:/Users/hnguyen6/Downloads/spokenCALL\2018_v7_ASR2\ge
INFO     2018-02-12 21:02:50,224 9104 extract_features:1255 set_lm_folder ------ Language model in/out folder ::: c:/Users/hnguyen6/Downloads/spokenCALL\2018_v7_ASR2\lm
INFO     2018-02-12 21:02:50,224 9104 extract_features:1248 set_parse_folder ------ Parse in/out folder ::: c:/Users/hnguyen6/Downloads/spokenCALL\2018_v7_ASR2\parse
INFO     2018-02-12 21:02:50,226 9104 extract_features:1639 rume ------ Run mode ::: pdf
INFO     2018-02-12 21:02:50,226 9104 extract_features:569 json_loads ------ Load student responses from JSON file ::: c:/Users/hnguyen6/Downloads/spokenCALL\2018_v7_ASR2\data\scst2_training_data_B_text.csv
INFO     2018-02-12 21:02:50,282 9104 extract_features:43 read_grammar_from_json ------ Load JSON dump of reference grammar ::: c:/Users/hnguyen6/Downloads/spokenCALL\2018_v7_ASR2\data\referenceGrammar.xml
INFO     2018-02-12 21:02:52,638 9104 extract_features:205 add_translated_prompt ------ Add translated prompts
INFO     2018-02-12 21:02:52,640 9104 extract_features:215 get_prompt_distribution ------ Get prompt distribution
INFO     2018-02-12 21:02:52,650 9104 extract_features:320 calculate_wer ------ Calculate WER
INFO     2018-02-12 21:03:00,092 12020 extract_features:1208 __init__ ------ Initialize the pipeline
INFO     2018-02-12 21:03:00,105 12020 extract_features:1240 set_sri_execs ------ SRILM execs ::: c:/Users/hnguyen6/Downloads/srilm-1.7.2/bin/x64-Release\ngram-count.exe ::: c:/Users/hnguyen6/Downloads/srilm-1.7.2/bin/x64-Release\ngram.exe
INFO     2018-02-12 21:03:00,105 12020 extract_features:1232 set_parse_lib ------ parseText library ::: c:/Users/hnguyen6/Downloads/parseText_lib ::: c:/Users/hnguyen6/Dropbox/workspace/CODES/parseText/parseText-lines.config
INFO     2018-02-12 21:03:00,105 12020 extract_features:1262 set_ge_folder ------ Grammatical error corpus folder ::: c:/Users/hnguyen6/Downloads/spokenCALL\2018_v7_ASR2\ge
INFO     2018-02-12 21:03:00,105 12020 extract_features:1255 set_lm_folder ------ Language model in/out folder ::: c:/Users/hnguyen6/Downloads/spokenCALL\2018_v7_ASR2\lm
INFO     2018-02-12 21:03:00,105 12020 extract_features:1248 set_parse_folder ------ Parse in/out folder ::: c:/Users/hnguyen6/Downloads/spokenCALL\2018_v7_ASR2\parse
INFO     2018-02-12 21:03:00,105 12020 extract_features:1639 rume ------ Run mode ::: pdf
INFO     2018-02-12 21:03:00,105 12020 extract_features:569 json_loads ------ Load student responses from JSON file ::: c:/Users/hnguyen6/Downloads/spokenCALL\2018_v7_ASR2\data\scst2_training_data_C_text.csv
INFO     2018-02-12 21:03:00,124 12020 extract_features:43 read_grammar_from_json ------ Load JSON dump of reference grammar ::: c:/Users/hnguyen6/Downloads/spokenCALL\2018_v7_ASR2\data\referenceGrammar.xml
INFO     2018-02-12 21:03:02,316 12020 extract_features:205 add_translated_prompt ------ Add translated prompts
INFO     2018-02-12 21:03:02,334 12020 extract_features:215 get_prompt_distribution ------ Get prompt distribution
INFO     2018-02-12 21:03:02,341 12020 extract_features:320 calculate_wer ------ Calculate WER
INFO     2018-02-12 21:03:32,854 1664 extract_features:1208 __init__ ------ Initialize the pipeline
INFO     2018-02-12 21:03:32,871 1664 extract_features:1240 set_sri_execs ------ SRILM execs ::: c:/Users/hnguyen6/Downloads/srilm-1.7.2/bin/x64-Release\ngram-count.exe ::: c:/Users/hnguyen6/Downloads/srilm-1.7.2/bin/x64-Release\ngram.exe
INFO     2018-02-12 21:03:32,871 1664 extract_features:1232 set_parse_lib ------ parseText library ::: c:/Users/hnguyen6/Downloads/parseText_lib ::: c:/Users/hnguyen6/Dropbox/workspace/CODES/parseText/parseText-lines.config
INFO     2018-02-12 21:03:32,871 1664 extract_features:1262 set_ge_folder ------ Grammatical error corpus folder ::: c:/Users/hnguyen6/Downloads/spokenCALL\2018_v6_1ABC\ge
INFO     2018-02-12 21:03:32,871 1664 extract_features:1255 set_lm_folder ------ Language model in/out folder ::: c:/Users/hnguyen6/Downloads/spokenCALL\2018_v6_1ABC\lm
INFO     2018-02-12 21:03:32,871 1664 extract_features:1248 set_parse_folder ------ Parse in/out folder ::: c:/Users/hnguyen6/Downloads/spokenCALL\2018_v6_1ABC\parse
INFO     2018-02-12 21:03:32,871 1664 extract_features:1639 rume ------ Run mode ::: pdf
INFO     2018-02-12 21:03:32,871 1664 extract_features:569 json_loads ------ Load student responses from JSON file ::: c:/Users/hnguyen6/Downloads/spokenCALL\2018_v6_1ABC\data\scst2_training_data_C_text.csv
INFO     2018-02-12 21:03:32,871 1664 extract_features:43 read_grammar_from_json ------ Load JSON dump of reference grammar ::: c:/Users/hnguyen6/Downloads/spokenCALL\2018_v6_1ABC\data\referenceGrammar.xml
INFO     2018-02-12 21:03:35,223 1664 extract_features:205 add_translated_prompt ------ Add translated prompts
INFO     2018-02-12 21:03:35,223 1664 extract_features:215 get_prompt_distribution ------ Get prompt distribution
INFO     2018-02-12 21:03:35,230 1664 extract_features:320 calculate_wer ------ Calculate WER
INFO     2018-02-12 21:03:45,940 16892 extract_features:1208 __init__ ------ Initialize the pipeline
INFO     2018-02-12 21:03:45,946 16892 extract_features:1240 set_sri_execs ------ SRILM execs ::: c:/Users/hnguyen6/Downloads/srilm-1.7.2/bin/x64-Release\ngram-count.exe ::: c:/Users/hnguyen6/Downloads/srilm-1.7.2/bin/x64-Release\ngram.exe
INFO     2018-02-12 21:03:45,946 16892 extract_features:1232 set_parse_lib ------ parseText library ::: c:/Users/hnguyen6/Downloads/parseText_lib ::: c:/Users/hnguyen6/Dropbox/workspace/CODES/parseText/parseText-lines.config
INFO     2018-02-12 21:03:45,947 16892 extract_features:1262 set_ge_folder ------ Grammatical error corpus folder ::: c:/Users/hnguyen6/Downloads/spokenCALL\2018_v6_1ABC\ge
INFO     2018-02-12 21:03:45,947 16892 extract_features:1255 set_lm_folder ------ Language model in/out folder ::: c:/Users/hnguyen6/Downloads/spokenCALL\2018_v6_1ABC\lm
INFO     2018-02-12 21:03:45,947 16892 extract_features:1248 set_parse_folder ------ Parse in/out folder ::: c:/Users/hnguyen6/Downloads/spokenCALL\2018_v6_1ABC\parse
INFO     2018-02-12 21:03:45,947 16892 extract_features:1639 rume ------ Run mode ::: pdf
INFO     2018-02-12 21:03:45,947 16892 extract_features:569 json_loads ------ Load student responses from JSON file ::: c:/Users/hnguyen6/Downloads/spokenCALL\2018_v6_1ABC\data\scst2_training_data_B_text.csv
INFO     2018-02-12 21:03:45,954 16892 extract_features:43 read_grammar_from_json ------ Load JSON dump of reference grammar ::: c:/Users/hnguyen6/Downloads/spokenCALL\2018_v6_1ABC\data\referenceGrammar.xml
INFO     2018-02-12 21:03:48,247 16892 extract_features:205 add_translated_prompt ------ Add translated prompts
INFO     2018-02-12 21:03:48,247 16892 extract_features:215 get_prompt_distribution ------ Get prompt distribution
INFO     2018-02-12 21:03:48,263 16892 extract_features:320 calculate_wer ------ Calculate WER
INFO     2018-02-12 21:03:55,408 3840 extract_features:1208 __init__ ------ Initialize the pipeline
INFO     2018-02-12 21:03:55,414 3840 extract_features:1240 set_sri_execs ------ SRILM execs ::: c:/Users/hnguyen6/Downloads/srilm-1.7.2/bin/x64-Release\ngram-count.exe ::: c:/Users/hnguyen6/Downloads/srilm-1.7.2/bin/x64-Release\ngram.exe
INFO     2018-02-12 21:03:55,414 3840 extract_features:1232 set_parse_lib ------ parseText library ::: c:/Users/hnguyen6/Downloads/parseText_lib ::: c:/Users/hnguyen6/Dropbox/workspace/CODES/parseText/parseText-lines.config
INFO     2018-02-12 21:03:55,414 3840 extract_features:1262 set_ge_folder ------ Grammatical error corpus folder ::: c:/Users/hnguyen6/Downloads/spokenCALL\2018_v6_1ABC\ge
INFO     2018-02-12 21:03:55,414 3840 extract_features:1255 set_lm_folder ------ Language model in/out folder ::: c:/Users/hnguyen6/Downloads/spokenCALL\2018_v6_1ABC\lm
INFO     2018-02-12 21:03:55,414 3840 extract_features:1248 set_parse_folder ------ Parse in/out folder ::: c:/Users/hnguyen6/Downloads/spokenCALL\2018_v6_1ABC\parse
INFO     2018-02-12 21:03:55,414 3840 extract_features:1639 rume ------ Run mode ::: pdf
INFO     2018-02-12 21:03:55,414 3840 extract_features:569 json_loads ------ Load student responses from JSON file ::: c:/Users/hnguyen6/Downloads/spokenCALL\2018_v6_1ABC\data\scst2_training_data_A_text.csv
INFO     2018-02-12 21:03:55,450 3840 extract_features:43 read_grammar_from_json ------ Load JSON dump of reference grammar ::: c:/Users/hnguyen6/Downloads/spokenCALL\2018_v6_1ABC\data\referenceGrammar.xml
INFO     2018-02-12 21:03:57,767 3840 extract_features:205 add_translated_prompt ------ Add translated prompts
INFO     2018-02-12 21:03:57,790 3840 extract_features:215 get_prompt_distribution ------ Get prompt distribution
INFO     2018-02-12 21:03:57,792 3840 extract_features:320 calculate_wer ------ Calculate WER
INFO     2018-02-12 21:05:04,494 11380 extract_features:1208 __init__ ------ Initialize the pipeline
INFO     2018-02-12 21:05:04,494 11380 extract_features:1240 set_sri_execs ------ SRILM execs ::: c:/Users/hnguyen6/Downloads/srilm-1.7.2/bin/x64-Release\ngram-count.exe ::: c:/Users/hnguyen6/Downloads/srilm-1.7.2/bin/x64-Release\ngram.exe
INFO     2018-02-12 21:05:04,494 11380 extract_features:1232 set_parse_lib ------ parseText library ::: c:/Users/hnguyen6/Downloads/parseText_lib ::: c:/Users/hnguyen6/Dropbox/workspace/CODES/parseText/parseText-lines.config
INFO     2018-02-12 21:05:04,494 11380 extract_features:1262 set_ge_folder ------ Grammatical error corpus folder ::: c:/Users/hnguyen6/Downloads/spokenCALL\2018_v7_ASR2\ge
INFO     2018-02-12 21:05:04,494 11380 extract_features:1255 set_lm_folder ------ Language model in/out folder ::: c:/Users/hnguyen6/Downloads/spokenCALL\2018_v7_ASR2\lm
INFO     2018-02-12 21:05:04,494 11380 extract_features:1248 set_parse_folder ------ Parse in/out folder ::: c:/Users/hnguyen6/Downloads/spokenCALL\2018_v7_ASR2\parse
INFO     2018-02-12 21:05:04,494 11380 extract_features:1639 rume ------ Run mode ::: pdf
INFO     2018-02-12 21:05:04,494 11380 extract_features:569 json_loads ------ Load student responses from JSON file ::: c:/Users/hnguyen6/Downloads/spokenCALL\2018_v7_ASR2\data\scst2_training_data_A_text.csv
INFO     2018-02-12 21:05:04,996 11380 extract_features:43 read_grammar_from_json ------ Load JSON dump of reference grammar ::: c:/Users/hnguyen6/Downloads/spokenCALL\2018_v7_ASR2\data\referenceGrammar.xml
INFO     2018-02-12 21:05:07,404 11380 extract_features:205 add_translated_prompt ------ Add translated prompts
INFO     2018-02-12 21:05:07,414 11380 extract_features:215 get_prompt_distribution ------ Get prompt distribution
INFO     2018-02-12 21:05:07,417 11380 extract_features:320 calculate_wer ------ Calculate WER
INFO     2018-02-12 21:05:24,082 16352 extract_features:1208 __init__ ------ Initialize the pipeline
INFO     2018-02-12 21:05:24,086 16352 extract_features:1240 set_sri_execs ------ SRILM execs ::: c:/Users/hnguyen6/Downloads/srilm-1.7.2/bin/x64-Release\ngram-count.exe ::: c:/Users/hnguyen6/Downloads/srilm-1.7.2/bin/x64-Release\ngram.exe
INFO     2018-02-12 21:05:24,086 16352 extract_features:1232 set_parse_lib ------ parseText library ::: c:/Users/hnguyen6/Downloads/parseText_lib ::: c:/Users/hnguyen6/Dropbox/workspace/CODES/parseText/parseText-lines.config
INFO     2018-02-12 21:05:24,086 16352 extract_features:1262 set_ge_folder ------ Grammatical error corpus folder ::: c:/Users/hnguyen6/Downloads/spokenCALL\2018_v7_ASR2\ge
INFO     2018-02-12 21:05:24,086 16352 extract_features:1255 set_lm_folder ------ Language model in/out folder ::: c:/Users/hnguyen6/Downloads/spokenCALL\2018_v7_ASR2\lm
INFO     2018-02-12 21:05:24,086 16352 extract_features:1248 set_parse_folder ------ Parse in/out folder ::: c:/Users/hnguyen6/Downloads/spokenCALL\2018_v7_ASR2\parse
INFO     2018-02-12 21:05:24,086 16352 extract_features:1639 rume ------ Run mode ::: pdf
INFO     2018-02-12 21:05:24,086 16352 extract_features:569 json_loads ------ Load student responses from JSON file ::: c:/Users/hnguyen6/Downloads/spokenCALL\2018_v7_ASR2\data\scst2_training_data_B_text.csv
INFO     2018-02-12 21:05:24,141 16352 extract_features:43 read_grammar_from_json ------ Load JSON dump of reference grammar ::: c:/Users/hnguyen6/Downloads/spokenCALL\2018_v7_ASR2\data\referenceGrammar.xml
INFO     2018-02-12 21:05:26,572 16352 extract_features:205 add_translated_prompt ------ Add translated prompts
INFO     2018-02-12 21:05:26,572 16352 extract_features:215 get_prompt_distribution ------ Get prompt distribution
INFO     2018-02-12 21:05:26,581 16352 extract_features:320 calculate_wer ------ Calculate WER
INFO     2018-02-12 21:05:45,578 1072 extract_features:1208 __init__ ------ Initialize the pipeline
INFO     2018-02-12 21:05:45,582 1072 extract_features:1240 set_sri_execs ------ SRILM execs ::: c:/Users/hnguyen6/Downloads/srilm-1.7.2/bin/x64-Release\ngram-count.exe ::: c:/Users/hnguyen6/Downloads/srilm-1.7.2/bin/x64-Release\ngram.exe
INFO     2018-02-12 21:05:45,582 1072 extract_features:1232 set_parse_lib ------ parseText library ::: c:/Users/hnguyen6/Downloads/parseText_lib ::: c:/Users/hnguyen6/Dropbox/workspace/CODES/parseText/parseText-lines.config
INFO     2018-02-12 21:05:45,582 1072 extract_features:1262 set_ge_folder ------ Grammatical error corpus folder ::: c:/Users/hnguyen6/Downloads/spokenCALL\2018_v7_ASR2\ge
INFO     2018-02-12 21:05:45,582 1072 extract_features:1255 set_lm_folder ------ Language model in/out folder ::: c:/Users/hnguyen6/Downloads/spokenCALL\2018_v7_ASR2\lm
INFO     2018-02-12 21:05:45,582 1072 extract_features:1248 set_parse_folder ------ Parse in/out folder ::: c:/Users/hnguyen6/Downloads/spokenCALL\2018_v7_ASR2\parse
INFO     2018-02-12 21:05:45,582 1072 extract_features:1639 rume ------ Run mode ::: pdf
INFO     2018-02-12 21:05:45,582 1072 extract_features:569 json_loads ------ Load student responses from JSON file ::: c:/Users/hnguyen6/Downloads/spokenCALL\2018_v7_ASR2\data\scst2_training_data_C_text.csv
INFO     2018-02-12 21:05:45,605 1072 extract_features:43 read_grammar_from_json ------ Load JSON dump of reference grammar ::: c:/Users/hnguyen6/Downloads/spokenCALL\2018_v7_ASR2\data\referenceGrammar.xml
INFO     2018-02-12 21:05:48,105 1072 extract_features:205 add_translated_prompt ------ Add translated prompts
INFO     2018-02-12 21:05:48,107 1072 extract_features:215 get_prompt_distribution ------ Get prompt distribution
INFO     2018-02-12 21:05:48,111 1072 extract_features:320 calculate_wer ------ Calculate WER
